<?xml version="1.0" encoding="UTF-8"?>
<testsuite name="com.mpc.vauth.VauthApplicationTests" tests="1" skipped="0" failures="0" errors="0" timestamp="2019-12-26T10:53:01" hostname="instance-kubeadm" time="0.205">
  <properties/>
  <testcase name="contextLoads()" classname="com.mpc.vauth.VauthApplicationTests" time="0.205"/>
  <system-out><![CDATA[10:52:41.788 [Test worker] DEBUG org.springframework.test.context.BootstrapUtils - Instantiating CacheAwareContextLoaderDelegate from class [org.springframework.test.context.cache.DefaultCacheAwareContextLoaderDelegate]
10:52:41.815 [Test worker] DEBUG org.springframework.test.context.BootstrapUtils - Instantiating BootstrapContext using constructor [public org.springframework.test.context.support.DefaultBootstrapContext(java.lang.Class,org.springframework.test.context.CacheAwareContextLoaderDelegate)]
10:52:41.885 [Test worker] DEBUG org.springframework.test.context.BootstrapUtils - Instantiating TestContextBootstrapper for test class [com.mpc.vauth.VauthApplicationTests] from class [org.springframework.boot.test.context.SpringBootTestContextBootstrapper]
10:52:41.925 [Test worker] INFO org.springframework.boot.test.context.SpringBootTestContextBootstrapper - Neither @ContextConfiguration nor @ContextHierarchy found for test class [com.mpc.vauth.VauthApplicationTests], using SpringBootContextLoader
10:52:41.931 [Test worker] DEBUG org.springframework.test.context.support.AbstractContextLoader - Did not detect default resource location for test class [com.mpc.vauth.VauthApplicationTests]: class path resource [com/mpc/vauth/VauthApplicationTests-context.xml] does not exist
10:52:41.932 [Test worker] DEBUG org.springframework.test.context.support.AbstractContextLoader - Did not detect default resource location for test class [com.mpc.vauth.VauthApplicationTests]: class path resource [com/mpc/vauth/VauthApplicationTestsContext.groovy] does not exist
10:52:41.932 [Test worker] INFO org.springframework.test.context.support.AbstractContextLoader - Could not detect default resource locations for test class [com.mpc.vauth.VauthApplicationTests]: no resource found for suffixes {-context.xml, Context.groovy}.
10:52:41.933 [Test worker] INFO org.springframework.test.context.support.AnnotationConfigContextLoaderUtils - Could not detect default configuration classes for test class [com.mpc.vauth.VauthApplicationTests]: VauthApplicationTests does not declare any static, non-private, non-final, nested classes annotated with @Configuration.
10:52:42.043 [Test worker] DEBUG org.springframework.test.context.support.ActiveProfilesUtils - Could not find an 'annotation declaring class' for annotation type [org.springframework.test.context.ActiveProfiles] and class [com.mpc.vauth.VauthApplicationTests]
10:52:42.199 [Test worker] DEBUG org.springframework.context.annotation.ClassPathScanningCandidateComponentProvider - Identified candidate component class: file [/home/digital_mlpt/github/vrekon-auth/build/classes/java/main/com/mpc/vauth/VauthApplication.class]
10:52:42.200 [Test worker] INFO org.springframework.boot.test.context.SpringBootTestContextBootstrapper - Found @SpringBootConfiguration com.mpc.vauth.VauthApplication for test class com.mpc.vauth.VauthApplicationTests
10:52:42.433 [Test worker] DEBUG org.springframework.boot.test.context.SpringBootTestContextBootstrapper - @TestExecutionListeners is not present for class [com.mpc.vauth.VauthApplicationTests]: using defaults.
10:52:42.434 [Test worker] INFO org.springframework.boot.test.context.SpringBootTestContextBootstrapper - Loaded default TestExecutionListener class names from location [META-INF/spring.factories]: [org.springframework.boot.test.autoconfigure.restdocs.RestDocsTestExecutionListener, org.springframework.boot.test.autoconfigure.web.client.MockRestServiceServerResetTestExecutionListener, org.springframework.boot.test.autoconfigure.web.servlet.MockMvcPrintOnlyOnFailureTestExecutionListener, org.springframework.boot.test.autoconfigure.web.servlet.WebDriverTestExecutionListener, org.springframework.boot.test.mock.mockito.MockitoTestExecutionListener, org.springframework.boot.test.mock.mockito.ResetMocksTestExecutionListener, org.springframework.test.context.web.ServletTestExecutionListener, org.springframework.test.context.support.DirtiesContextBeforeModesTestExecutionListener, org.springframework.test.context.support.DependencyInjectionTestExecutionListener, org.springframework.test.context.support.DirtiesContextTestExecutionListener, org.springframework.test.context.transaction.TransactionalTestExecutionListener, org.springframework.test.context.jdbc.SqlScriptsTestExecutionListener, org.springframework.test.context.event.EventPublishingTestExecutionListener]
10:52:42.463 [Test worker] INFO org.springframework.boot.test.context.SpringBootTestContextBootstrapper - Using TestExecutionListeners: [org.springframework.test.context.web.ServletTestExecutionListener@7950ba9b, org.springframework.test.context.support.DirtiesContextBeforeModesTestExecutionListener@7911029b, org.springframework.boot.test.mock.mockito.MockitoTestExecutionListener@7379f487, org.springframework.boot.test.autoconfigure.SpringBootDependencyInjectionTestExecutionListener@3dac6567, org.springframework.test.context.support.DirtiesContextTestExecutionListener@41d4942b, org.springframework.test.context.transaction.TransactionalTestExecutionListener@30a04350, org.springframework.test.context.jdbc.SqlScriptsTestExecutionListener@cc1540f, org.springframework.test.context.event.EventPublishingTestExecutionListener@52989fad, org.springframework.boot.test.autoconfigure.restdocs.RestDocsTestExecutionListener@37082c19, org.springframework.boot.test.autoconfigure.web.client.MockRestServiceServerResetTestExecutionListener@580436b, org.springframework.boot.test.autoconfigure.web.servlet.MockMvcPrintOnlyOnFailureTestExecutionListener@3671ef8, org.springframework.boot.test.autoconfigure.web.servlet.WebDriverTestExecutionListener@15948cce, org.springframework.boot.test.mock.mockito.ResetMocksTestExecutionListener@630a1281]
10:52:42.471 [Test worker] DEBUG org.springframework.test.context.support.AbstractDirtiesContextTestExecutionListener - Before test class: context [DefaultTestContext@33232064 testClass = VauthApplicationTests, testInstance = [null], testMethod = [null], testException = [null], mergedContextConfiguration = [WebMergedContextConfiguration@4b454200 testClass = VauthApplicationTests, locations = '{}', classes = '{class com.mpc.vauth.VauthApplication}', contextInitializerClasses = '[]', activeProfiles = '{}', propertySourceLocations = '{}', propertySourceProperties = '{org.springframework.boot.test.context.SpringBootTestContextBootstrapper=true}', contextCustomizers = set[org.springframework.boot.test.autoconfigure.properties.PropertyMappingContextCustomizer@0, org.springframework.boot.test.autoconfigure.web.servlet.WebDriverContextCustomizerFactory$Customizer@2b7500fa, org.springframework.boot.test.context.filter.ExcludeFilterContextCustomizer@6792bd8e, org.springframework.boot.test.json.DuplicateJsonObjectContextCustomizerFactory$DuplicateJsonObjectContextCustomizer@57aa3f17, org.springframework.boot.test.mock.mockito.MockitoContextCustomizer@0, org.springframework.boot.test.web.client.TestRestTemplateContextCustomizer@4472370f], resourceBasePath = 'src/main/webapp', contextLoader = 'org.springframework.boot.test.context.SpringBootContextLoader', parent = [null]], attributes = map['org.springframework.test.context.web.ServletTestExecutionListener.activateListener' -> true]], class annotated with @DirtiesContext [false] with mode [null].
10:52:42.526 [Test worker] DEBUG org.springframework.test.context.support.TestPropertySourceUtils - Adding inlined properties to environment: {spring.jmx.enabled=false, org.springframework.boot.test.context.SpringBootTestContextBootstrapper=true, server.port=-1}

  .   ____          _            __ _ _
 /\\ / ___'_ __ _ _(_)_ __  __ _ \ \ \ \
( ( )\___ | '_ | '_| | '_ \/ _` | \ \ \ \
 \\/  ___)| |_)| | | | | || (_| |  ) ) ) )
  '  |____| .__|_| |_|_| |_\__, | / / / /
 =========|_|==============|___/=/_/_/_/
 :: Spring Boot ::        (v2.2.2.RELEASE)

2019-12-26 10:52:43.107  INFO 7851 --- [    Test worker] com.mpc.vauth.VauthApplicationTests      : Starting VauthApplicationTests on instance-kubeadm with PID 7851 (started by digital_mlpt in /home/digital_mlpt/github/vrekon-auth)
2019-12-26 10:52:43.109  INFO 7851 --- [    Test worker] com.mpc.vauth.VauthApplicationTests      : No active profile set, falling back to default profiles: default
2019-12-26 10:52:44.979  INFO 7851 --- [    Test worker] .s.d.r.c.RepositoryConfigurationDelegate : Bootstrapping Spring Data JPA repositories in DEFAULT mode.
2019-12-26 10:52:45.403  INFO 7851 --- [    Test worker] .s.d.r.c.RepositoryConfigurationDelegate : Finished Spring Data repository scanning in 403ms. Found 2 JPA repository interfaces.
2019-12-26 10:52:45.895  WARN 7851 --- [    Test worker] o.m.s.mapper.ClassPathMapperScanner      : No MyBatis mapper was found in '[com.mpc.vauth]' package. Please check your configuration.
2019-12-26 10:52:46.643  INFO 7851 --- [    Test worker] faultConfiguringBeanFactoryPostProcessor : No bean named 'errorChannel' has been explicitly defined. Therefore, a default PublishSubscribeChannel will be created.
2019-12-26 10:52:46.657  INFO 7851 --- [    Test worker] faultConfiguringBeanFactoryPostProcessor : No bean named 'taskScheduler' has been explicitly defined. Therefore, a default ThreadPoolTaskScheduler will be created.
2019-12-26 10:52:46.682  INFO 7851 --- [    Test worker] faultConfiguringBeanFactoryPostProcessor : No bean named 'integrationHeaderChannelRegistry' has been explicitly defined. Therefore, a default DefaultHeaderChannelRegistry will be created.
2019-12-26 10:52:47.042  INFO 7851 --- [    Test worker] trationDelegate$BeanPostProcessorChecker : Bean 'org.springframework.transaction.annotation.ProxyTransactionManagementConfiguration' of type [org.springframework.transaction.annotation.ProxyTransactionManagementConfiguration] is not eligible for getting processed by all BeanPostProcessors (for example: not eligible for auto-proxying)
2019-12-26 10:52:47.163  INFO 7851 --- [    Test worker] trationDelegate$BeanPostProcessorChecker : Bean 'org.springframework.security.config.annotation.configuration.ObjectPostProcessorConfiguration' of type [org.springframework.security.config.annotation.configuration.ObjectPostProcessorConfiguration] is not eligible for getting processed by all BeanPostProcessors (for example: not eligible for auto-proxying)
2019-12-26 10:52:47.192  INFO 7851 --- [    Test worker] trationDelegate$BeanPostProcessorChecker : Bean 'objectPostProcessor' of type [org.springframework.security.config.annotation.configuration.AutowireBeanFactoryObjectPostProcessor] is not eligible for getting processed by all BeanPostProcessors (for example: not eligible for auto-proxying)
2019-12-26 10:52:47.194  INFO 7851 --- [    Test worker] trationDelegate$BeanPostProcessorChecker : Bean 'org.springframework.security.access.expression.method.DefaultMethodSecurityExpressionHandler@30d1edae' of type [org.springframework.security.access.expression.method.DefaultMethodSecurityExpressionHandler] is not eligible for getting processed by all BeanPostProcessors (for example: not eligible for auto-proxying)
2019-12-26 10:52:47.221  INFO 7851 --- [    Test worker] trationDelegate$BeanPostProcessorChecker : Bean 'org.springframework.security.config.annotation.method.configuration.GlobalMethodSecurityConfiguration' of type [org.springframework.security.config.annotation.method.configuration.GlobalMethodSecurityConfiguration] is not eligible for getting processed by all BeanPostProcessors (for example: not eligible for auto-proxying)
2019-12-26 10:52:47.236  INFO 7851 --- [    Test worker] trationDelegate$BeanPostProcessorChecker : Bean 'methodSecurityMetadataSource' of type [org.springframework.security.access.method.DelegatingMethodSecurityMetadataSource] is not eligible for getting processed by all BeanPostProcessors (for example: not eligible for auto-proxying)
2019-12-26 10:52:47.309  INFO 7851 --- [    Test worker] trationDelegate$BeanPostProcessorChecker : Bean 'org.springframework.integration.config.IntegrationManagementConfiguration' of type [org.springframework.integration.config.IntegrationManagementConfiguration] is not eligible for getting processed by all BeanPostProcessors (for example: not eligible for auto-proxying)
2019-12-26 10:52:47.398  INFO 7851 --- [    Test worker] trationDelegate$BeanPostProcessorChecker : Bean 'integrationChannelResolver' of type [org.springframework.integration.support.channel.BeanFactoryChannelResolver] is not eligible for getting processed by all BeanPostProcessors (for example: not eligible for auto-proxying)
2019-12-26 10:52:47.413  INFO 7851 --- [    Test worker] trationDelegate$BeanPostProcessorChecker : Bean 'integrationDisposableAutoCreatedBeans' of type [org.springframework.integration.config.annotation.Disposables] is not eligible for getting processed by all BeanPostProcessors (for example: not eligible for auto-proxying)
2019-12-26 10:52:48.238  INFO 7851 --- [    Test worker] o.hibernate.jpa.internal.util.LogHelper  : HHH000204: Processing PersistenceUnitInfo [name: default]
2019-12-26 10:52:48.443  INFO 7851 --- [    Test worker] org.hibernate.Version                    : HHH000412: Hibernate Core {5.4.9.Final}
2019-12-26 10:52:48.891  INFO 7851 --- [    Test worker] o.hibernate.annotations.common.Version   : HCANN000001: Hibernate Commons Annotations {5.1.0.Final}
2019-12-26 10:52:49.168  INFO 7851 --- [    Test worker] com.zaxxer.hikari.HikariDataSource       : HikariPool-1 - Starting...
2019-12-26 10:52:50.147  INFO 7851 --- [    Test worker] com.zaxxer.hikari.HikariDataSource       : HikariPool-1 - Start completed.
2019-12-26 10:52:50.199  INFO 7851 --- [    Test worker] org.hibernate.dialect.Dialect            : HHH000400: Using dialect: org.hibernate.dialect.MySQL5InnoDBDialect
2019-12-26 10:52:52.958  INFO 7851 --- [    Test worker] o.h.e.t.j.p.i.JtaPlatformInitiator       : HHH000490: Using JtaPlatform implementation: [org.hibernate.engine.transaction.jta.platform.internal.NoJtaPlatform]
2019-12-26 10:52:52.981  INFO 7851 --- [    Test worker] j.LocalContainerEntityManagerFactoryBean : Initialized JPA EntityManagerFactory for persistence unit 'default'
2019-12-26 10:52:55.572  WARN 7851 --- [    Test worker] JpaBaseConfiguration$JpaWebConfiguration : spring.jpa.open-in-view is enabled by default. Therefore, database queries may be performed during view rendering. Explicitly configure spring.jpa.open-in-view to disable this warning
2019-12-26 10:52:56.696  INFO 7851 --- [    Test worker] o.s.s.web.DefaultSecurityFilterChain     : Creating filter chain: any request, [org.springframework.security.web.context.request.async.WebAsyncManagerIntegrationFilter@2b896256, org.springframework.security.web.context.SecurityContextPersistenceFilter@11180e25, org.springframework.security.web.header.HeaderWriterFilter@2cfa5d92, org.springframework.security.web.authentication.logout.LogoutFilter@4ea8ddd5, com.mpc.vauth.config.JwtRequestFilter@7dd33c63, org.springframework.security.web.savedrequest.RequestCacheAwareFilter@7ce3da2a, org.springframework.security.web.servletapi.SecurityContextHolderAwareRequestFilter@5e6028e8, org.springframework.security.web.authentication.AnonymousAuthenticationFilter@24198440, org.springframework.security.web.session.SessionManagementFilter@48959a5e, org.springframework.security.web.access.ExceptionTranslationFilter@43175b3b, org.springframework.security.web.access.intercept.FilterSecurityInterceptor@663500bf]
2019-12-26 10:52:58.896  INFO 7851 --- [    Test worker] o.s.s.concurrent.ThreadPoolTaskExecutor  : Initializing ExecutorService 'applicationTaskExecutor'
2019-12-26 10:53:00.923  INFO 7851 --- [    Test worker] o.s.s.c.ThreadPoolTaskScheduler          : Initializing ExecutorService 'taskScheduler'
2019-12-26 10:53:01.188  INFO 7851 --- [    Test worker] o.s.i.endpoint.EventDrivenConsumer       : Adding {logging-channel-adapter:_org.springframework.integration.errorLogger} as a subscriber to the 'errorChannel' channel
2019-12-26 10:53:01.188  INFO 7851 --- [    Test worker] o.s.i.channel.PublishSubscribeChannel    : Channel 'application.errorChannel' has 1 subscriber(s).
2019-12-26 10:53:01.188  INFO 7851 --- [    Test worker] o.s.i.endpoint.EventDrivenConsumer       : started bean '_org.springframework.integration.errorLogger'
2019-12-26 10:53:01.219  INFO 7851 --- [    Test worker] com.mpc.vauth.VauthApplicationTests      : Started VauthApplicationTests in 18.65 seconds (JVM running for 21.26)
2019-12-26 10:53:01.809  INFO 7851 --- [    Test worker] com.mpc.vauth.config.InitialUsers        : Added roles and users
]]></system-out>
  <system-err><![CDATA[]]></system-err>
</testsuite>
